[     329ms] [WARNING] Clerk: Clerk has been loaded with development keys. Development instances have strict usage limits and should not be used when deploying your application to production. Learn more: https://clerk.com/docs/deployments/overview @ http://localhost:3003/_next/static/chunks/0r.2_next_dist_0vtvmlb._.js:2431
[   63468ms] [ERROR] ./eventpilot/src/components/EventDataTable.tsx:42:10
the name `formatDate` is defined multiple times
  40 | }
  41 |
> 42 | function formatDate(d: string | number) {
     |          ^^^^^^^^^^
  43 |   if (typeof d === "number") {
  44 |     return new Date(d).toLocaleDateString("en-US", { month: "short", day: "numeric", year:...
  45 |   }

Ecmascript file had an error

Import traces:
  Client Component Browser:
    ./eventpilot/src/components/EventDataTable.tsx [Client Component Browser]
    ./eventpilot/src/app/(authenticated)/events/page.tsx [Client Component Browser]
    ./eventpilot/src/app/(authenticated)/events/page.tsx [Server Component]

  Client Component SSR:
    ./eventpilot/src/components/EventDataTable.tsx [Client Component SSR]
    ./eventpilot/src/app/(authenticated)/events/page.tsx [Client Component SSR]
    ./eventpilot/src/app/(authenticated)/events/page.tsx [Server Component] @ http://localhost:3003/_next/static/chunks/0r.2_next_dist_0vtvmlb._.js:3272
[   63534ms] [ERROR] ./eventpilot/src/components/EventDataTable.tsx:42:10
the name `formatDate` is defined multiple times
  40 | }
  41 |
> 42 | function formatDate(d: string | number) {
     |          ^^^^^^^^^^
  43 |   if (typeof d === "number") {
  44 |     return new Date(d).toLocaleDateString("en-US", { month: "short", day: "numeric", year:...
  45 |   }

Ecmascript file had an error

Import traces:
  Client Component Browser:
    ./eventpilot/src/components/EventDataTable.tsx [Client Component Browser]
    ./eventpilot/src/app/(authenticated)/events/page.tsx [Client Component Browser]
    ./eventpilot/src/app/(authenticated)/events/page.tsx [Server Component]

  Client Component SSR:
    ./eventpilot/src/components/EventDataTable.tsx [Client Component SSR]
    ./eventpilot/src/app/(authenticated)/events/page.tsx [Client Component SSR]
    ./eventpilot/src/app/(authenticated)/events/page.tsx [Server Component] @ http://localhost:3003/_next/static/chunks/0r.2_next_dist_0vtvmlb._.js:3272
[   69376ms] ReferenceError: formatEventType is not defined
    at eval (http://localhost:3003/_next/static/chunks/eventpilot_01pwfk7._.js?id=%255Bproject%255D%252Feventpilot%252Fsrc%252Fcomponents%252FEventDataTable.tsx+%255Bapp-client%255D+%2528ecmascript%2529:132:51)
    at Array.map (<anonymous>)
    at EventDataTable (http://localhost:3003/_next/static/chunks/eventpilot_01pwfk7._.js?id=%255Bproject%255D%252Feventpilot%252Fsrc%252Fcomponents%252FEventDataTable.tsx+%255Bapp-client%255D+%2528ecmascript%2529:117:38)
    at Object.react_stack_bottom_frame (http://localhost:3003/_next/static/chunks/0r.2_next_dist_compiled_react-dom_0et-1l6._.js:15037:24)
    at renderWithHooks (http://localhost:3003/_next/static/chunks/0r.2_next_dist_compiled_react-dom_0et-1l6._.js:4620:24)
    at updateFunctionComponent (http://localhost:3003/_next/static/chunks/0r.2_next_dist_compiled_react-dom_0et-1l6._.js:6081:21)
    at beginWork (http://localhost:3003/_next/static/chunks/0r.2_next_dist_compiled_react-dom_0et-1l6._.js:6691:24)
    at runWithFiberInDEV (http://localhost:3003/_next/static/chunks/0r.2_next_dist_compiled_react-dom_0et-1l6._.js:965:74)
    at performUnitOfWork (http://localhost:3003/_next/static/chunks/0r.2_next_dist_compiled_react-dom_0et-1l6._.js:9555:97)
    at workLoopSync (http://localhost:3003/_next/static/chunks/0r.2_next_dist_compiled_react-dom_0et-1l6._.js:9449:40)
    at renderRootSync (http://localhost:3003/_next/static/chunks/0r.2_next_dist_compiled_react-dom_0et-1l6._.js:9433:13)
    at performWorkOnRoot (http://localhost:3003/_next/static/chunks/0r.2_next_dist_compiled_react-dom_0et-1l6._.js:9061:186)
    at performSyncWorkOnRoot (http://localhost:3003/_next/static/chunks/0r.2_next_dist_compiled_react-dom_0et-1l6._.js:10263:9)
    at flushSyncWorkAcrossRoots_impl (http://localhost:3003/_next/static/chunks/0r.2_next_dist_compiled_react-dom_0et-1l6._.js:10179:316)
    at processRootScheduleInMicrotask (http://localhost:3003/_next/static/chunks/0r.2_next_dist_compiled_react-dom_0et-1l6._.js:10200:106)
    at http://localhost:3003/_next/static/chunks/0r.2_next_dist_compiled_react-dom_0et-1l6._.js:10274:158
[   73074ms] [WARNING] [Fast Refresh] performing full reload because your application had an unrecoverable error @ http://localhost:3003/_next/static/chunks/0r.2_next_dist_0vtvmlb._.js:2431
[   73426ms] [WARNING] Clerk: Clerk has been loaded with development keys. Development instances have strict usage limits and should not be used when deploying your application to production. Learn more: https://clerk.com/docs/deployments/overview @ http://localhost:3003/_next/static/chunks/0r.2_next_dist_0vtvmlb._.js:2431
